<?xml version="1.0" encoding="UTF-8"?>
<testsuite xmlns:xsi="http://www.w3.org/2001/XMLSchema-instance" xsi:noNamespaceSchemaLocation="https://maven.apache.org/surefire/maven-surefire-plugin/xsd/surefire-test-report.xsd" version="3.0.2" name="com.example.bookstore.service.OrderServiceTest" time="3.707" tests="1" errors="0" skipped="0" failures="0">
  <properties>
[...]
</properties>
  <testcase name="checkout_success_setsPaid_and_decreaseInventory" classname="com.example.bookstore.service.OrderServiceTest" time="1.069">
    <system-out><![CDATA[2026-04-09T14:31:39.648+07:00  INFO 2580 --- [           main] t.c.s.AnnotationConfigContextLoaderUtils : Could not detect default configuration classes for test class [com.example.bookstore.service.OrderServiceTest]: OrderServiceTest does not declare any static, non-private, non-final, nested classes annotated with @Configuration.
2026-04-09T14:31:39.834+07:00  INFO 2580 --- [           main] .b.t.c.SpringBootTestContextBootstrapper : Found @SpringBootConfiguration com.example.bookstore.BookstoreApplication for test class com.example.bookstore.service.OrderServiceTest

  .   ____          _            __ _ _
 /\\ / ___'_ __ _ _(_)_ __  __ _ \ \ \ \
( ( )\___ | '_ | '_| | '_ \/ _` | \ \ \ \
 \\/  ___)| |_)| | | | | || (_| |  ) ) ) )
  '  |____| .__|_| |_|_| |_\__, | / / / /
 =========|_|==============|___/=/_/_/_/
 :: Spring Boot ::                (v3.2.5)

2026-04-09T14:31:40.008+07:00  INFO 2580 --- [           main] c.e.bookstore.service.OrderServiceTest   : Starting OrderServiceTest using Java 17.0.18 with PID 2580 (started by Hieu in D:\project\FinalProject_OOSE)
2026-04-09T14:31:40.008+07:00  INFO 2580 --- [           main] c.e.bookstore.service.OrderServiceTest   : No active profile set, falling back to 1 default profile: "default"
2026-04-09T14:31:40.414+07:00  INFO 2580 --- [           main] .s.d.r.c.RepositoryConfigurationDelegate : Bootstrapping Spring Data JPA repositories in DEFAULT mode.
2026-04-09T14:31:40.514+07:00  INFO 2580 --- [           main] .s.d.r.c.RepositoryConfigurationDelegate : Finished Spring Data repository scanning in 99 ms. Found 8 JPA repository interfaces.
2026-04-09T14:31:40.594+07:00  INFO 2580 --- [           main] beddedDataSourceBeanFactoryPostProcessor : Replacing 'dataSource' DataSource bean with embedded version
2026-04-09T14:31:40.676+07:00  INFO 2580 --- [           main] o.s.j.d.e.EmbeddedDatabaseFactory        : Starting embedded database: url='jdbc:h2:mem:1b035e20-51b8-421b-92ba-0ffff8f1c03e;DB_CLOSE_DELAY=-1;DB_CLOSE_ON_EXIT=false', username='sa'
2026-04-09T14:31:40.766+07:00  INFO 2580 --- [           main] o.hibernate.jpa.internal.util.LogHelper  : HHH000204: Processing PersistenceUnitInfo [name: default]
2026-04-09T14:31:40.781+07:00  INFO 2580 --- [           main] o.h.c.internal.RegionFactoryInitiator    : HHH000026: Second-level cache disabled
2026-04-09T14:31:40.800+07:00  INFO 2580 --- [           main] o.s.o.j.p.SpringPersistenceUnitInfo      : No LoadTimeWeaver setup: ignoring JPA class transformer
2026-04-09T14:31:40.806+07:00  WARN 2580 --- [           main] org.hibernate.orm.deprecation            : HHH90000025: H2Dialect does not need to be specified explicitly using 'hibernate.dialect' (remove the property setting and it will be selected by default)
2026-04-09T14:31:41.643+07:00  INFO 2580 --- [           main] o.h.e.t.j.p.i.JtaPlatformInitiator       : HHH000489: No JTA platform available (set 'hibernate.transaction.jta.platform' to enable JTA platform integration)
Hibernate: drop table if exists chi_tiet_don_hang cascade 
Hibernate: drop table if exists don_hang cascade 
Hibernate: drop table if exists khach_hang cascade 
Hibernate: drop table if exists nhan_vien cascade 
Hibernate: drop table if exists phuong_thuc_thanh_toan cascade 
Hibernate: drop table if exists sach cascade 
Hibernate: drop table if exists thanh_toan cascade 
Hibernate: drop table if exists thong_tin_giao_hang cascade 
Hibernate: drop table if exists user_account cascade 
Hibernate: drop table if exists user_role cascade 
Hibernate: drop table if exists yeu_cau_huy_don cascade 
Hibernate: create table chi_tiet_don_hang (so_luong integer not null, created_at timestamp(6) with time zone not null, gia bigint not null, ma_chi_tiet bigint generated by default as identity, ma_don_hang bigint not null, ma_sach bigint not null, updated_at timestamp(6) with time zone, created_by varchar(255), updated_by varchar(255), primary key (ma_chi_tiet))
Hibernate: create table don_hang (created_at timestamp(6) with time zone not null, ma_don_hang bigint generated by default as identity, ma_khach_hang bigint not null, ma_nhan_vien_xu_ly bigint, ngay_dat timestamp(6) with time zone not null, tong_tien bigint not null, updated_at timestamp(6) with time zone, version bigint, created_by varchar(255), trang_thai varchar(255) not null check (trang_thai in ('CHO_THANH_TOAN','CHO_XU_LY','DANG_GIAO','DA_THANH_TOAN','DA_HUY')), updated_by varchar(255), primary key (ma_don_hang))
Hibernate: create table khach_hang (created_at timestamp(6) with time zone not null, ma_khach_hang bigint generated by default as identity, updated_at timestamp(6) with time zone, created_by varchar(255), dia_chi varchar(255) not null, email varchar(255) not null unique, so_dien_thoai varchar(255) not null, ten_khach_hang varchar(255) not null, updated_by varchar(255), primary key (ma_khach_hang))
Hibernate: create table nhan_vien (created_at timestamp(6) with time zone not null, ma_nhan_vien bigint generated by default as identity, updated_at timestamp(6) with time zone, created_by varchar(255), ten_nhan_vien varchar(255) not null, updated_by varchar(255), primary key (ma_nhan_vien))
Hibernate: create table phuong_thuc_thanh_toan (created_at timestamp(6) with time zone not null, ma_phuong_thuc bigint generated by default as identity, updated_at timestamp(6) with time zone, created_by varchar(255), mo_ta varchar(255), ten_phuong_thuc varchar(255) not null unique, updated_by varchar(255), primary key (ma_phuong_thuc))
Hibernate: create table sach (so_luong_ton integer not null, created_at timestamp(6) with time zone not null, gia_ban bigint not null, gia_nhap bigint not null, ma_sach bigint generated by default as identity, updated_at timestamp(6) with time zone, version bigint, created_by varchar(255), ten_sach varchar(255) not null, updated_by varchar(255), primary key (ma_sach))
Hibernate: create table thanh_toan (created_at timestamp(6) with time zone not null, ma_don_hang bigint not null, ma_phuong_thuc bigint not null, ma_thanh_toan bigint generated by default as identity, ngay_thanh_toan timestamp(6) with time zone not null, so_tien bigint not null, updated_at timestamp(6) with time zone, created_by varchar(255), ma_giao_dich_doi_tac varchar(255), trang_thai varchar(255) not null check (trang_thai in ('PENDING','SUCCESS','FAILED','CANCELLED')), updated_by varchar(255), primary key (ma_thanh_toan))
Hibernate: create table thong_tin_giao_hang (created_at timestamp(6) with time zone not null, id bigint generated by default as identity, ma_don_hang bigint not null unique, updated_at timestamp(6) with time zone, created_by varchar(255), dia_chi_giao_hang varchar(255) not null, nguoi_nhan varchar(255) not null, so_dien_thoai_nhan varchar(255) not null, trang_thai_giao_hang varchar(255) not null, updated_by varchar(255), primary key (id))
Hibernate: create table user_account (created_at timestamp(6) with time zone not null, id bigint generated by default as identity, khach_hang_id bigint unique, nhan_vien_id bigint unique, updated_at timestamp(6) with time zone, created_by varchar(255), password_hash varchar(255) not null, updated_by varchar(255), username varchar(255) not null unique, primary key (id))
Hibernate: create table user_role (user_id bigint not null, role varchar(255))
Hibernate: create table yeu_cau_huy_don (created_at timestamp(6) with time zone not null, ma_don_hang bigint not null unique, ma_yeu_cau bigint generated by default as identity, ngay_yeu_cau timestamp(6) with time zone not null, updated_at timestamp(6) with time zone, ly_do_huy varchar(1000) not null, created_by varchar(255), trang_thai_yeu_cau varchar(255) not null check (trang_thai_yeu_cau in ('PENDING','APPROVED','REJECTED')), updated_by varchar(255), primary key (ma_yeu_cau))
Hibernate: alter table if exists chi_tiet_don_hang add constraint FK9wl3houbukbxpixsut6uvojhy foreign key (ma_don_hang) references don_hang
Hibernate: alter table if exists chi_tiet_don_hang add constraint FKl4ue6tf96ltdeqjhjmhr3jbfd foreign key (ma_sach) references sach
Hibernate: alter table if exists don_hang add constraint FKhimbr4rcx5fwmced2i28svhak foreign key (ma_khach_hang) references khach_hang
Hibernate: alter table if exists don_hang add constraint FKbubfeblso7l6ukistgjj79ntq foreign key (ma_nhan_vien_xu_ly) references nhan_vien
Hibernate: alter table if exists thanh_toan add constraint FKevkspkwbrp8h6khn6ms5ug2hn foreign key (ma_don_hang) references don_hang
Hibernate: alter table if exists thanh_toan add constraint FKelfb9lvaencj78ats6we3ef6f foreign key (ma_phuong_thuc) references phuong_thuc_thanh_toan
Hibernate: alter table if exists thong_tin_giao_hang add constraint FK2t4iogg4us5qj3tpcc6j0tj0x foreign key (ma_don_hang) references don_hang
Hibernate: alter table if exists user_account add constraint FKo7yt1cy6s7ffpnit2pt6xhj99 foreign key (khach_hang_id) references khach_hang
Hibernate: alter table if exists user_account add constraint FKspyy6t0jrahdmpvuwmtkqs192 foreign key (nhan_vien_id) references nhan_vien
Hibernate: alter table if exists user_role add constraint FK7ojmv1m1vrxfl3kvt5bi5ur73 foreign key (user_id) references user_account
Hibernate: alter table if exists yeu_cau_huy_don add constraint FKja5nwap8oo876o55r3qcrmxu2 foreign key (ma_don_hang) references don_hang
2026-04-09T14:31:41.715+07:00  INFO 2580 --- [           main] j.LocalContainerEntityManagerFactoryBean : Initialized JPA EntityManagerFactory for persistence unit 'default'
2026-04-09T14:31:42.216+07:00  INFO 2580 --- [           main] c.e.bookstore.service.OrderServiceTest   : Started OrderServiceTest in 2.352 seconds (process running for 27.502)
Hibernate: insert into khach_hang (created_at,created_by,dia_chi,email,so_dien_thoai,ten_khach_hang,updated_at,updated_by,ma_khach_hang) values (?,?,?,?,?,?,?,?,default)
Hibernate: insert into sach (created_at,created_by,gia_ban,gia_nhap,so_luong_ton,ten_sach,updated_at,updated_by,version,ma_sach) values (?,?,?,?,?,?,?,?,?,default)
Hibernate: insert into phuong_thuc_thanh_toan (created_at,created_by,mo_ta,ten_phuong_thuc,updated_at,updated_by,ma_phuong_thuc) values (?,?,?,?,?,?,default)
Hibernate: select pttt1_0.ma_phuong_thuc,pttt1_0.created_at,pttt1_0.created_by,pttt1_0.mo_ta,pttt1_0.ten_phuong_thuc,pttt1_0.updated_at,pttt1_0.updated_by from phuong_thuc_thanh_toan pttt1_0
Hibernate: select s1_0.ma_sach,s1_0.created_at,s1_0.created_by,s1_0.gia_ban,s1_0.gia_nhap,s1_0.so_luong_ton,s1_0.ten_sach,s1_0.updated_at,s1_0.updated_by,s1_0.version from sach s1_0 where s1_0.ma_sach in (?)
Hibernate: insert into don_hang (created_at,created_by,ma_khach_hang,ngay_dat,ma_nhan_vien_xu_ly,tong_tien,trang_thai,updated_at,updated_by,version,ma_don_hang) values (?,?,?,?,?,?,?,?,?,?,default)
Hibernate: insert into chi_tiet_don_hang (created_at,created_by,ma_don_hang,gia,ma_sach,so_luong,updated_at,updated_by,ma_chi_tiet) values (?,?,?,?,?,?,?,?,default)
Hibernate: insert into thong_tin_giao_hang (created_at,created_by,dia_chi_giao_hang,ma_don_hang,nguoi_nhan,so_dien_thoai_nhan,trang_thai_giao_hang,updated_at,updated_by,id) values (?,?,?,?,?,?,?,?,?,default)
Hibernate: insert into thanh_toan (created_at,created_by,ma_don_hang,ma_giao_dich_doi_tac,ngay_thanh_toan,ma_phuong_thuc,so_tien,trang_thai,updated_at,updated_by,ma_thanh_toan) values (?,?,?,?,?,?,?,?,?,?,default)
]]></system-out>
  </testcase>
</testsuite>