<?xml version="1.0" encoding="UTF-8"?>
<testsuite xmlns:xsi="http://www.w3.org/2001/XMLSchema-instance" xsi:noNamespaceSchemaLocation="https://maven.apache.org/surefire/maven-surefire-plugin/xsd/surefire-test-report.xsd" version="3.0.2" name="com.example.bookstore.service.OrderServiceTest" time="4.66" tests="1" errors="0" skipped="0" failures="0">
  <properties>
[...]
</properties>
  <testcase name="checkout_success_setsPaid_and_decreaseInventory" classname="com.example.bookstore.service.OrderServiceTest" time="1.737">
    <system-out><![CDATA[2026-04-09T16:44:15.953+07:00  INFO 13744 --- [           main] t.c.s.AnnotationConfigContextLoaderUtils : Could not detect default configuration classes for test class [com.example.bookstore.service.OrderServiceTest]: OrderServiceTest does not declare any static, non-private, non-final, nested classes annotated with @Configuration.
2026-04-09T16:44:16.283+07:00  INFO 13744 --- [           main] .b.t.c.SpringBootTestContextBootstrapper : Found @SpringBootConfiguration com.example.bookstore.BookstoreApplication for test class com.example.bookstore.service.OrderServiceTest

  .   ____          _            __ _ _
 /\\ / ___'_ __ _ _(_)_ __  __ _ \ \ \ \
( ( )\___ | '_ | '_| | '_ \/ _` | \ \ \ \
 \\/  ___)| |_)| | | | | || (_| |  ) ) ) )
  '  |____| .__|_| |_|_| |_\__, | / / / /
 =========|_|==============|___/=/_/_/_/
 :: Spring Boot ::                (v3.2.5)

2026-04-09T16:44:16.418+07:00  INFO 13744 --- [           main] c.e.bookstore.service.OrderServiceTest   : Starting OrderServiceTest using Java 17.0.18 with PID 13744 (started by Hieu in D:\project\FinalProject_OOSE)
2026-04-09T16:44:16.419+07:00  INFO 13744 --- [           main] c.e.bookstore.service.OrderServiceTest   : No active profile set, falling back to 1 default profile: "default"
2026-04-09T16:44:16.855+07:00  INFO 13744 --- [           main] .s.d.r.c.RepositoryConfigurationDelegate : Bootstrapping Spring Data JPA repositories in DEFAULT mode.
2026-04-09T16:44:16.924+07:00  INFO 13744 --- [           main] .s.d.r.c.RepositoryConfigurationDelegate : Finished Spring Data repository scanning in 67 ms. Found 8 JPA repository interfaces.
2026-04-09T16:44:16.974+07:00  INFO 13744 --- [           main] beddedDataSourceBeanFactoryPostProcessor : Replacing 'dataSource' DataSource bean with embedded version
2026-04-09T16:44:17.107+07:00  INFO 13744 --- [           main] o.s.j.d.e.EmbeddedDatabaseFactory        : Starting embedded database: url='jdbc:h2:mem:de5e7c34-4d57-4e4a-a46b-5ac673914477;DB_CLOSE_DELAY=-1;DB_CLOSE_ON_EXIT=false', username='sa'
2026-04-09T16:44:17.272+07:00  INFO 13744 --- [           main] o.hibernate.jpa.internal.util.LogHelper  : HHH000204: Processing PersistenceUnitInfo [name: default]
2026-04-09T16:44:17.285+07:00  INFO 13744 --- [           main] o.h.c.internal.RegionFactoryInitiator    : HHH000026: Second-level cache disabled
2026-04-09T16:44:17.309+07:00  INFO 13744 --- [           main] o.s.o.j.p.SpringPersistenceUnitInfo      : No LoadTimeWeaver setup: ignoring JPA class transformer
2026-04-09T16:44:17.329+07:00  WARN 13744 --- [           main] org.hibernate.orm.deprecation            : HHH90000025: H2Dialect does not need to be specified explicitly using 'hibernate.dialect' (remove the property setting and it will be selected by default)
2026-04-09T16:44:18.190+07:00  INFO 13744 --- [           main] o.h.e.t.j.p.i.JtaPlatformInitiator       : HHH000489: No JTA platform available (set 'hibernate.transaction.jta.platform' to enable JTA platform integration)
Hibernate: drop table if exists books cascade 
Hibernate: drop table if exists cancellation_requests cascade 
Hibernate: drop table if exists customers cascade 
Hibernate: drop table if exists order_items cascade 
Hibernate: drop table if exists orders cascade 
Hibernate: drop table if exists payment_methods cascade 
Hibernate: drop table if exists payments cascade 
Hibernate: drop table if exists shipping_info cascade 
Hibernate: drop table if exists staff cascade 
Hibernate: drop table if exists user_account cascade 
Hibernate: drop table if exists user_role cascade 
Hibernate: create table books (stock_quantity integer not null, cost_price bigint not null, created_at timestamp(6) with time zone not null, id bigint generated by default as identity, sale_price bigint not null, sale_price_effective_from timestamp(6) with time zone, updated_at timestamp(6) with time zone, version bigint, category varchar(255), created_by varchar(255), title varchar(255) not null, updated_by varchar(255), primary key (id))
Hibernate: create table cancellation_requests (created_at timestamp(6) with time zone not null, id bigint generated by default as identity, order_id bigint not null unique, requested_at timestamp(6) with time zone not null, updated_at timestamp(6) with time zone, reason varchar(1000) not null, created_by varchar(255), status varchar(50) not null check (status in ('PENDING','APPROVED','REJECTED')), updated_by varchar(255), primary key (id))
Hibernate: create table customers (created_at timestamp(6) with time zone not null, id bigint generated by default as identity, updated_at timestamp(6) with time zone, address varchar(255) not null, created_by varchar(255), email varchar(255) not null unique, full_name varchar(255) not null, phone varchar(255) not null, updated_by varchar(255), primary key (id))
Hibernate: create table order_items (quantity integer not null, book_id bigint not null, created_at timestamp(6) with time zone not null, id bigint generated by default as identity, order_id bigint not null, unit_price bigint not null, updated_at timestamp(6) with time zone, created_by varchar(255), updated_by varchar(255), primary key (id))
Hibernate: create table orders (created_at timestamp(6) with time zone not null, customer_id bigint not null, id bigint generated by default as identity, ordered_at timestamp(6) with time zone not null, processed_by_staff_id bigint, shipping_fee bigint not null, total_amount bigint not null, updated_at timestamp(6) with time zone, version bigint, created_by varchar(255), status varchar(50) not null check (status in ('PENDING_PAYMENT','PAID','PROCESSING','SHIPPING','DELIVERED','CANCELLED')), updated_by varchar(255), primary key (id))
Hibernate: create table payment_methods (created_at timestamp(6) with time zone not null, id bigint generated by default as identity, updated_at timestamp(6) with time zone, code varchar(255) not null unique, created_by varchar(255), description varchar(255), updated_by varchar(255), primary key (id))
Hibernate: create table payments (amount bigint not null, created_at timestamp(6) with time zone not null, id bigint generated by default as identity, order_id bigint not null, paid_at timestamp(6) with time zone not null, payment_method_id bigint not null, updated_at timestamp(6) with time zone, created_by varchar(255), partner_transaction_id varchar(255), status varchar(50) not null check (status in ('PENDING','SUCCESS','FAILED','CANCELLED')), updated_by varchar(255), primary key (id))
Hibernate: create table shipping_info (created_at timestamp(6) with time zone not null, id bigint generated by default as identity, order_id bigint not null unique, updated_at timestamp(6) with time zone, address varchar(255) not null, created_by varchar(255), receiver_name varchar(255) not null, receiver_phone varchar(255) not null, shipping_status varchar(255) not null, updated_by varchar(255), primary key (id))
Hibernate: create table staff (created_at timestamp(6) with time zone not null, id bigint generated by default as identity, updated_at timestamp(6) with time zone, created_by varchar(255), full_name varchar(255) not null, updated_by varchar(255), primary key (id))
Hibernate: create table user_account (created_at timestamp(6) with time zone not null, customer_id bigint unique, id bigint generated by default as identity, staff_id bigint unique, updated_at timestamp(6) with time zone, created_by varchar(255), password_hash varchar(255) not null, updated_by varchar(255), username varchar(255) not null unique, primary key (id))
Hibernate: create table user_role (user_id bigint not null, role varchar(255))
Hibernate: alter table if exists cancellation_requests add constraint FK984ft31im9qiokn5h1wsmxk2u foreign key (order_id) references orders
Hibernate: alter table if exists order_items add constraint FKi4ptndslo2pyfp9r1x0eulh9g foreign key (book_id) references books
Hibernate: alter table if exists order_items add constraint FKbioxgbv59vetrxe0ejfubep1w foreign key (order_id) references orders
Hibernate: alter table if exists orders add constraint FKpxtb8awmi0dk6smoh2vp1litg foreign key (customer_id) references customers
Hibernate: alter table if exists orders add constraint FK6k0dfgeikk4tu72phau33tbv8 foreign key (processed_by_staff_id) references staff
Hibernate: alter table if exists payments add constraint FK81gagumt0r8y3rmudcgpbk42l foreign key (order_id) references orders
Hibernate: alter table if exists payments add constraint FKce1n8pa67lq4l57l9mhugdgab foreign key (payment_method_id) references payment_methods
Hibernate: alter table if exists shipping_info add constraint FK45idk6acnnfditxgyyk613m6r foreign key (order_id) references orders
Hibernate: alter table if exists user_account add constraint FKrtp6ughnxkslt410fkxvwyjd6 foreign key (customer_id) references customers
Hibernate: alter table if exists user_account add constraint FKbrlb5tsotsjh2nqwrgwgkroov foreign key (staff_id) references staff
Hibernate: alter table if exists user_role add constraint FK7ojmv1m1vrxfl3kvt5bi5ur73 foreign key (user_id) references user_account
2026-04-09T16:44:18.291+07:00  INFO 13744 --- [           main] j.LocalContainerEntityManagerFactoryBean : Initialized JPA EntityManagerFactory for persistence unit 'default'
2026-04-09T16:44:18.826+07:00  INFO 13744 --- [           main] c.e.bookstore.service.OrderServiceTest   : Started OrderServiceTest in 2.526 seconds (process running for 26.846)
Hibernate: insert into customers (address,created_at,created_by,email,full_name,phone,updated_at,updated_by,id) values (?,?,?,?,?,?,?,?,default)
Hibernate: insert into books (category,cost_price,created_at,created_by,sale_price,sale_price_effective_from,stock_quantity,title,updated_at,updated_by,version,id) values (?,?,?,?,?,?,?,?,?,?,?,default)
Hibernate: insert into payment_methods (code,created_at,created_by,description,updated_at,updated_by,id) values (?,?,?,?,?,?,default)
Hibernate: select b1_0.id,b1_0.category,b1_0.cost_price,b1_0.created_at,b1_0.created_by,b1_0.sale_price,b1_0.sale_price_effective_from,b1_0.stock_quantity,b1_0.title,b1_0.updated_at,b1_0.updated_by,b1_0.version from books b1_0 where b1_0.id in (?)
Hibernate: insert into orders (created_at,created_by,customer_id,ordered_at,processed_by_staff_id,shipping_fee,status,total_amount,updated_at,updated_by,version,id) values (?,?,?,?,?,?,?,?,?,?,?,default)
Hibernate: insert into order_items (book_id,created_at,created_by,order_id,quantity,unit_price,updated_at,updated_by,id) values (?,?,?,?,?,?,?,?,default)
Hibernate: insert into shipping_info (address,created_at,created_by,order_id,receiver_name,receiver_phone,shipping_status,updated_at,updated_by,id) values (?,?,?,?,?,?,?,?,?,default)
Hibernate: select pm1_0.id,pm1_0.code,pm1_0.created_at,pm1_0.created_by,pm1_0.description,pm1_0.updated_at,pm1_0.updated_by from payment_methods pm1_0 where upper(pm1_0.code)=upper(?)
Hibernate: insert into payments (amount,created_at,created_by,order_id,paid_at,partner_transaction_id,payment_method_id,status,updated_at,updated_by,id) values (?,?,?,?,?,?,?,?,?,?,default)
]]></system-out>
  </testcase>
</testsuite>